\BOOKMARK [1][-]{section.1}{Introduction}{}% 1
\BOOKMARK [2][-]{subsection.1.1}{NetCDF}{section.1}% 2
\BOOKMARK [2][-]{subsection.1.2}{Current BIIT procedures}{section.1}% 3
\BOOKMARK [2][-]{subsection.1.3}{List of thesis contributions}{section.1}% 4
\BOOKMARK [1][-]{section.2}{Wilcoxon signed-rank test}{}% 5
\BOOKMARK [2][-]{subsection.2.1}{Statistical Tests}{section.2}% 6
\BOOKMARK [3][-]{subsubsection.2.1.1}{Test Statistic}{subsection.2.1}% 7
\BOOKMARK [2][-]{subsection.2.2}{Hypothesis}{section.2}% 8
\BOOKMARK [3][-]{subsubsection.2.2.1}{Null hypothesis}{subsection.2.2}% 9
\BOOKMARK [3][-]{subsubsection.2.2.2}{Alternative hypothesis}{subsection.2.2}% 10
\BOOKMARK [3][-]{subsubsection.2.2.3}{P-value}{subsection.2.2}% 11
\BOOKMARK [2][-]{subsection.2.3}{Wilcoxon test}{section.2}% 12
\BOOKMARK [2][-]{subsection.2.4}{Wilcoxon test assumptions}{section.2}% 13
\BOOKMARK [2][-]{subsection.2.5}{How to compute}{section.2}% 14
\BOOKMARK [2][-]{subsection.2.6}{Example}{section.2}% 15
\BOOKMARK [2][-]{subsection.2.7}{P-value assignment}{section.2}% 16
\BOOKMARK [3][-]{subsubsection.2.7.1}{Exact computation of P-value}{subsection.2.7}% 17
\BOOKMARK [3][-]{subsubsection.2.7.2}{The V and P table formulas}{subsection.2.7}% 18
\BOOKMARK [3][-]{subsubsection.2.7.3}{The Gaussian approximation of P table}{subsection.2.7}% 19
\BOOKMARK [3][-]{subsubsection.2.7.4}{Code sample}{subsection.2.7}% 20
\BOOKMARK [3][-]{subsubsection.2.7.5}{Bonferroni correction}{subsection.2.7}% 21
\BOOKMARK [1][-]{section.3}{Approximating the p-value}{}% 22
\BOOKMARK [2][-]{subsection.3.1}{Motivation}{section.3}% 23
\BOOKMARK [2][-]{subsection.3.2}{When can we approximate}{section.3}% 24
\BOOKMARK [2][-]{subsection.3.3}{The behavior of relative error}{section.3}% 25
\BOOKMARK [2][-]{subsection.3.4}{Finding out when can we approximate p-value}{section.3}% 26
\BOOKMARK [1][-]{section.4}{Further optimizations}{}% 27
\BOOKMARK [2][-]{subsubsection.4.0.1}{dose-response curve}{section.4}% 28
\BOOKMARK [2][-]{subsection.4.1}{Linear approximation}{section.4}% 29
\BOOKMARK [3][-]{subsubsection.4.1.1}{Goal}{subsection.4.1}% 30
\BOOKMARK [3][-]{subsubsection.4.1.2}{Linear approximation}{subsection.4.1}% 31
\BOOKMARK [3][-]{subsubsection.4.1.3}{Linear interpolation}{subsection.4.1}% 32
\BOOKMARK [3][-]{subsubsection.4.1.4}{Algorithm for dropping intermediate points}{subsection.4.1}% 33
\BOOKMARK [2][-]{subsection.4.2}{Optimization summary}{section.4}% 34
\BOOKMARK [2][-]{subsection.4.3}{Further optimizations}{section.4}% 35
\BOOKMARK [1][-]{section.5}{The implementation}{}% 36
\BOOKMARK [2][-]{subsection.5.1}{Library description}{section.5}% 37
\BOOKMARK [2][-]{subsection.5.2}{Repository description}{section.5}% 38
\BOOKMARK [1][-]{section.6}{Conclusion}{}% 39
